<?xml version="1.0" encoding="UTF-8"?>
<testsuite name="com.unrc.app.TestSuite" time="0.552" tests="9" errors="0" skipped="0" failures="1">
  <properties>
[...]
</properties>
  <testcase name="testTest" classname="com.unrc.app.InmoTest" time="0.002"/>
  <testcase name="shouldValidateMandatoryFields" classname="com.unrc.app.UserSpec" time="0.304"/>
  <testcase name="testGetUserId" classname="com.unrc.app.UserSpec" time="0.043">
    <failure message="expected:&lt;1&gt; but was:&lt;5&gt;" type="java.lang.AssertionError"><![CDATA[java.lang.AssertionError: expected:<1> but was:<5>
	at org.junit.Assert.fail(Assert.java:93)
	at org.junit.Assert.failNotEquals(Assert.java:647)
	at org.junit.Assert.assertEquals(Assert.java:128)
	at org.junit.Assert.assertEquals(Assert.java:472)
	at org.junit.Assert.assertEquals(Assert.java:456)
	at com.unrc.app.UserSpec.testGetUserId(UserSpec.java:47)
]]></failure>
  </testcase>
  <testcase name="shouldValidateMandatoryFields" classname="com.unrc.app.RealEstateSpec" time="0.025"/>
  <testcase name="testGetInmobiliariaId" classname="com.unrc.app.RealEstateSpec" time="0.028"/>
  <testcase name="shouldValidateMandatoryFields" classname="com.unrc.app.CitySpec" time="0.023"/>
  <testcase name="testGetId" classname="com.unrc.app.CitySpec" time="0.045"/>
  <testcase name="shouldValidateMandatoryFields" classname="com.unrc.app.OwnerSpec" time="0.046"/>
  <testcase name="testGetOwnerId" classname="com.unrc.app.OwnerSpec" time="0.036"/>
</testsuite>